<?xml version="1.0" encoding="UTF-8"?>
<<<<<<< HEAD
<testsuite name="mastermindgame_java.Settings.TestProvideFeedback" tests="3" skipped="0" failures="0" errors="0" timestamp="2024-04-21T22:38:46" hostname="DESKTOP-R0UEMP9" time="0.006">
  <properties/>
  <testcase name="[1] [0, 1, 2, 1], [0, 1, 2, 1], [4, 0, 0]" classname="mastermindgame_java.Settings.TestProvideFeedback" time="0.003"/>
  <testcase name="[2] [0, 3, 1, 4], [4, 3, 0, 2], [1, 2, 1]" classname="mastermindgame_java.Settings.TestProvideFeedback" time="0.0"/>
=======
<testsuite name="mastermindgame_java.Settings.TestProvideFeedback" tests="3" skipped="0" failures="0" errors="0" timestamp="2024-04-21T15:23:47" hostname="Lisas-MacBook-Pro.local" time="0.009">
  <properties/>
  <testcase name="[1] [0, 1, 2, 1], [0, 1, 2, 1], [4, 0, 0]" classname="mastermindgame_java.Settings.TestProvideFeedback" time="0.006"/>
  <testcase name="[2] [0, 3, 1, 4], [4, 3, 0, 2], [1, 2, 1]" classname="mastermindgame_java.Settings.TestProvideFeedback" time="0.001"/>
>>>>>>> 95226b5170559f06521aaf0db6baccddb2cdcfe2
  <testcase name="[3] [1, 5, 5, 2], [5, 5, 2, 1], [1, 3, 0]" classname="mastermindgame_java.Settings.TestProvideFeedback" time="0.001"/>
  <system-out><![CDATA[]]></system-out>
  <system-err><![CDATA[]]></system-err>
</testsuite>
