<?xml version="1.0" encoding="UTF-8"?>
<<<<<<< HEAD
<testsuite name="mastermindgame_java.Settings.TestGetUserInput" tests="3" skipped="0" failures="0" errors="0" timestamp="2024-04-21T22:38:46" hostname="DESKTOP-R0UEMP9" time="0.006">
  <properties/>
  <testcase name="[1] Easy, Easy" classname="mastermindgame_java.Settings.TestGetUserInput" time="0.002"/>
=======
<testsuite name="mastermindgame_java.Settings.TestGetUserInput" tests="3" skipped="0" failures="0" errors="0" timestamp="2024-04-21T15:23:47" hostname="Lisas-MacBook-Pro.local" time="0.007">
  <properties/>
  <testcase name="[1] Easy, Easy" classname="mastermindgame_java.Settings.TestGetUserInput" time="0.003"/>
>>>>>>> 95226b5170559f06521aaf0db6baccddb2cdcfe2
  <testcase name="[2] Medium, Medium" classname="mastermindgame_java.Settings.TestGetUserInput" time="0.001"/>
  <testcase name="[3] shaha, shaha" classname="mastermindgame_java.Settings.TestGetUserInput" time="0.001"/>
  <system-out><![CDATA[]]></system-out>
  <system-err><![CDATA[]]></system-err>
</testsuite>
