<?xml version="1.0" encoding="UTF-8"?>
<testsuite name="mastermindgame_java.Settings.TestTemplateMatrix" tests="4" skipped="0" failures="0" errors="0" timestamp="2024-04-22T16:28:49" hostname="DESKTOP-R0UEMP9" time="0.013">
  <properties/>
  <testcase name="[1] [0, 0, 0, 0], [0, 1, 3], 0, [1, 0, 0, 0, 0, 0, 1, 3]" classname="mastermindgame_java.Settings.TestTemplateMatrix" time="0.008"/>
  <testcase name="[2] [4, 2, 1, 1], [1, 1, 2], 1, [2, 4, 2, 1, 1, 1, 1, 2]" classname="mastermindgame_java.Settings.TestTemplateMatrix" time="0.0"/>
  <testcase name="[3] [0, 3, 2, 5], [4, 0, 0], 5, [6, 0, 3, 2, 5, 4, 0, 0]" classname="mastermindgame_java.Settings.TestTemplateMatrix" time="0.001"/>
  <testcase name="[4] [1, 2, 0, 2], [3, 1, 0], 2, [3, 1, 2, 0, 2, 3, 1, 0]" classname="mastermindgame_java.Settings.TestTemplateMatrix" time="0.001"/>
  <system-out><![CDATA[[I@416c58f5[I@5505ae1a[I@73cd37c0[I@21337f7b]]></system-out>
  <system-err><![CDATA[]]></system-err>
</testsuite>
