<?xml version="1.0" encoding="UTF-8"?>
<testsuite name="mastermindgame_java.Settings.TestGetUserInput" tests="6" skipped="0" failures="0" errors="0" timestamp="2024-04-22T16:45:41" hostname="DESKTOP-R0UEMP9" time="0.006">
  <properties/>
  <testcase name="[1] Easy, Easy" classname="mastermindgame_java.Settings.TestGetUserInput" time="0.001"/>
  <testcase name="[2] Medium, Medium" classname="mastermindgame_java.Settings.TestGetUserInput" time="0.0"/>
  <testcase name="[3] shaha, shaha" classname="mastermindgame_java.Settings.TestGetUserInput" time="0.0"/>
  <testcase name="[4] Hard, Hard" classname="mastermindgame_java.Settings.TestGetUserInput" time="0.0"/>
  <testcase name="[5] shsbxhd, shsbxhd" classname="mastermindgame_java.Settings.TestGetUserInput" time="0.0"/>
  <testcase name="[6] 237da, 237da" classname="mastermindgame_java.Settings.TestGetUserInput" time="0.001"/>
  <system-out><![CDATA[]]></system-out>
  <system-err><![CDATA[]]></system-err>
</testsuite>
