<?xml version="1.0" encoding="UTF-8"?>
<testsuite name="mastermindgame_java.Settings.TestCalculatePoints" tests="6" skipped="0" failures="0" errors="0" timestamp="2024-04-22T14:01:54" hostname="DESKTOP-R0UEMP9" time="0.038">
  <properties/>
  <testcase name="[1] EASY, 3, 25" classname="mastermindgame_java.Settings.TestCalculatePoints" time="0.009"/>
  <testcase name="[2] EASY, 0, 10" classname="mastermindgame_java.Settings.TestCalculatePoints" time="0.002"/>
  <testcase name="[3] MEDIUM, 2, 50" classname="mastermindgame_java.Settings.TestCalculatePoints" time="0.002"/>
  <testcase name="[4] MEDIUM, 0, 10" classname="mastermindgame_java.Settings.TestCalculatePoints" time="0.003"/>
  <testcase name="[5] HARD, 2, 250" classname="mastermindgame_java.Settings.TestCalculatePoints" time="0.002"/>
  <testcase name="[6] HARD, 0, 10" classname="mastermindgame_java.Settings.TestCalculatePoints" time="0.002"/>
  <system-out><![CDATA[]]></system-out>
  <system-err><![CDATA[]]></system-err>
</testsuite>
