<?xml version="1.0" encoding="UTF-8"?>
<testsuite name="mastermindgame_java.Settings.TestCalculatePoints" tests="6" skipped="0" failures="0" errors="0" timestamp="2024-04-21T15:23:46" hostname="Lisas-MacBook-Pro.local" time="0.084">
  <properties/>
  <testcase name="[1] EASY, 3, 25" classname="mastermindgame_java.Settings.TestCalculatePoints" time="0.062"/>
  <testcase name="[2] EASY, 0, 10" classname="mastermindgame_java.Settings.TestCalculatePoints" time="0.001"/>
  <testcase name="[3] MEDIUM, 2, 50" classname="mastermindgame_java.Settings.TestCalculatePoints" time="0.002"/>
  <testcase name="[4] MEDIUM, 0, 10" classname="mastermindgame_java.Settings.TestCalculatePoints" time="0.002"/>
  <testcase name="[5] HARD, 2, 250" classname="mastermindgame_java.Settings.TestCalculatePoints" time="0.001"/>
  <testcase name="[6] HARD, 0, 10" classname="mastermindgame_java.Settings.TestCalculatePoints" time="0.001"/>
  <system-out><![CDATA[]]></system-out>
  <system-err><![CDATA[]]></system-err>
</testsuite>
