<?xml version="1.0" encoding="UTF-8"?>
<testsuite name="mastermindgame_java.Settings.TestCheckGuessValidity" tests="69" skipped="0" failures="0" errors="0" timestamp="2024-04-22T16:45:41" hostname="DESKTOP-R0UEMP9" time="0.103">
  <properties/>
  <testcase name="[1] EASY, 1201, [1, 2, 0, 1]" classname="mastermindgame_java.Settings.TestCheckGuessValidity" time="0.005"/>
  <testcase name="[2] EASY, 0000, [0, 0, 0, 0]" classname="mastermindgame_java.Settings.TestCheckGuessValidity" time="0.001"/>
  <testcase name="[3] EASY, 1120, [1, 1, 2, 0]" classname="mastermindgame_java.Settings.TestCheckGuessValidity" time="0.001"/>
  <testcase name="[4] EASY, 4222&#10;0122, [0, 1, 2, 2]" classname="mastermindgame_java.Settings.TestCheckGuessValidity" time="0.001"/>
  <testcase name="[5] EASY, 422&#10;0122, [0, 1, 2, 2]" classname="mastermindgame_java.Settings.TestCheckGuessValidity" time="0.001"/>
  <testcase name="[6] EASY, 555£&#10;798&#10;9111&#10;1200, [1, 2, 0, 0]" classname="mastermindgame_java.Settings.TestCheckGuessValidity" time="0.001"/>
  <testcase name="[7] EASY, 1200&#10;1000, [1, 2, 0, 0]" classname="mastermindgame_java.Settings.TestCheckGuessValidity" time="0.001"/>
  <testcase name="[8] EASY, 1021&#10;1200, [1, 0, 2, 1]" classname="mastermindgame_java.Settings.TestCheckGuessValidity" time="0.0"/>
  <testcase name="[9] EASY, 1121&#10;12!0&#10;££££, [1, 1, 2, 1]" classname="mastermindgame_java.Settings.TestCheckGuessValidity" time="0.0"/>
  <testcase name="[10] EASY, 2021&#10;120&#10;££££, [2, 0, 2, 1]" classname="mastermindgame_java.Settings.TestCheckGuessValidity" time="0.001"/>
  <testcase name="[11] MEDIUM, 3455, [3, 4, 5, 5]" classname="mastermindgame_java.Settings.TestCheckGuessValidity" time="0.001"/>
  <testcase name="[12] MEDIUM, 2222, [2, 2, 2, 2]" classname="mastermindgame_java.Settings.TestCheckGuessValidity" time="0.001"/>
  <testcase name="[13] MEDIUM, 1524, [1, 5, 2, 4]" classname="mastermindgame_java.Settings.TestCheckGuessValidity" time="0.0"/>
  <testcase name="[14] MEDIUM, 3456&#10;5555, [5, 5, 5, 5]" classname="mastermindgame_java.Settings.TestCheckGuessValidity" time="0.001"/>
  <testcase name="[15] MEDIUM, 8614&#10;1423, [1, 4, 2, 3]" classname="mastermindgame_java.Settings.TestCheckGuessValidity" time="0.001"/>
  <testcase name="[16] MEDIUM, 2224&#10;6234, [2, 2, 2, 4]" classname="mastermindgame_java.Settings.TestCheckGuessValidity" time="0.001"/>
  <testcase name="[17] MEDIUM, 1231&#10;3314, [1, 2, 3, 1]" classname="mastermindgame_java.Settings.TestCheckGuessValidity" time="0.001"/>
  <testcase name="[18] MEDIUM, 143&#10;$347&#10;2531, [2, 5, 3, 1]" classname="mastermindgame_java.Settings.TestCheckGuessValidity" time="0.001"/>
  <testcase name="[19] MEDIUM, 89%&#10;&amp;443&#10;5321, [5, 3, 2, 1]" classname="mastermindgame_java.Settings.TestCheckGuessValidity" time="0.002"/>
  <testcase name="[20] MEDIUM, 35%4&#10;1112&#10;7777, [1, 1, 1, 2]" classname="mastermindgame_java.Settings.TestCheckGuessValidity" time="0.001"/>
  <testcase name="[21] HARD, 5123, [5, 1, 2, 3]" classname="mastermindgame_java.Settings.TestCheckGuessValidity" time="0.0"/>
  <testcase name="[22] HARD, 1234, [1, 2, 3, 4]" classname="mastermindgame_java.Settings.TestCheckGuessValidity" time="0.001"/>
  <testcase name="[23] HARD, 0532, [0, 5, 3, 2]" classname="mastermindgame_java.Settings.TestCheckGuessValidity" time="0.001"/>
  <testcase name="[24] HARD, 1212, [1, 2, 1, 2]" classname="mastermindgame_java.Settings.TestCheckGuessValidity" time="0.001"/>
  <testcase name="[25] HARD, 7123&#10;3221, [3, 2, 2, 1]" classname="mastermindgame_java.Settings.TestCheckGuessValidity" time="0.001"/>
  <testcase name="[26] HARD, 2349&#10;0682&#10;4354, [4, 3, 5, 4]" classname="mastermindgame_java.Settings.TestCheckGuessValidity" time="0.001"/>
  <testcase name="[27] HARD, 5633&#10;3422, [3, 4, 2, 2]" classname="mastermindgame_java.Settings.TestCheckGuessValidity" time="0.001"/>
  <testcase name="[28] HARD, 1236&#10;1324&#10;)654, [1, 3, 2, 4]" classname="mastermindgame_java.Settings.TestCheckGuessValidity" time="0.0"/>
  <testcase name="[29] HARD, 3491&#10;5434&#10;?233, [5, 4, 3, 4]" classname="mastermindgame_java.Settings.TestCheckGuessValidity" time="0.001"/>
  <testcase name="[30] HARD, 123&#10;153&amp;&#10;$732&#10;%432&#10;2452, [2, 4, 5, 2]" classname="mastermindgame_java.Settings.TestCheckGuessValidity" time="0.001"/>
  <testcase name="[31] HARD, 146&#10;654&#10;(=6&#10;87)8&#10;3455, [3, 4, 5, 5]" classname="mastermindgame_java.Settings.TestCheckGuessValidity" time="0.002"/>
  <testcase name="[1] EASY, 0151, false" classname="mastermindgame_java.Settings.TestCheckGuessValidity" time="0.002"/>
  <testcase name="[2] EASY, 6271, false" classname="mastermindgame_java.Settings.TestCheckGuessValidity" time="0.001"/>
  <testcase name="[3] EASY, 2180, false" classname="mastermindgame_java.Settings.TestCheckGuessValidity" time="0.0"/>
  <testcase name="[4] EASY, ####, false" classname="mastermindgame_java.Settings.TestCheckGuessValidity" time="0.001"/>
  <testcase name="[5] EASY, !200, false" classname="mastermindgame_java.Settings.TestCheckGuessValidity" time="0.001"/>
  <testcase name="[6] EASY, 20è0, false" classname="mastermindgame_java.Settings.TestCheckGuessValidity" time="0.001"/>
  <testcase name="[7] EASY, 34&amp;0, false" classname="mastermindgame_java.Settings.TestCheckGuessValidity" time="0.0"/>
  <testcase name="[8] EASY, 011+, false" classname="mastermindgame_java.Settings.TestCheckGuessValidity" time="0.0"/>
  <testcase name="[9] EASY, 0121, true" classname="mastermindgame_java.Settings.TestCheckGuessValidity" time="0.001"/>
  <testcase name="[10] EASY, 0000, true" classname="mastermindgame_java.Settings.TestCheckGuessValidity" time="0.001"/>
  <testcase name="[11] EASY, 1211, true" classname="mastermindgame_java.Settings.TestCheckGuessValidity" time="0.001"/>
  <testcase name="[12] EASY, 0121, true" classname="mastermindgame_java.Settings.TestCheckGuessValidity" time="0.001"/>
  <testcase name="[13] EASY, 2122, true" classname="mastermindgame_java.Settings.TestCheckGuessValidity" time="0.0"/>
  <testcase name="[14] MEDIUM, 0039, false" classname="mastermindgame_java.Settings.TestCheckGuessValidity" time="0.001"/>
  <testcase name="[15] MEDIUM, 0126, false" classname="mastermindgame_java.Settings.TestCheckGuessValidity" time="0.001"/>
  <testcase name="[16] MEDIUM, 8172, false" classname="mastermindgame_java.Settings.TestCheckGuessValidity" time="0.001"/>
  <testcase name="[17] MEDIUM, !!2?, false" classname="mastermindgame_java.Settings.TestCheckGuessValidity" time="0.001"/>
  <testcase name="[18] MEDIUM, 342=, false" classname="mastermindgame_java.Settings.TestCheckGuessValidity" time="0.001"/>
  <testcase name="[19] MEDIUM, 34%5, false" classname="mastermindgame_java.Settings.TestCheckGuessValidity" time="0.0"/>
  <testcase name="[20] MEDIUM, 14%ò, false" classname="mastermindgame_java.Settings.TestCheckGuessValidity" time="0.001"/>
  <testcase name="[21] MEDIUM, 0135, true" classname="mastermindgame_java.Settings.TestCheckGuessValidity" time="0.001"/>
  <testcase name="[22] MEDIUM, 0001, true" classname="mastermindgame_java.Settings.TestCheckGuessValidity" time="0.001"/>
  <testcase name="[23] MEDIUM, 4444, true" classname="mastermindgame_java.Settings.TestCheckGuessValidity" time="0.001"/>
  <testcase name="[24] MEDIUM, 1231, true" classname="mastermindgame_java.Settings.TestCheckGuessValidity" time="0.001"/>
  <testcase name="[25] MEDIUM, 3354, true" classname="mastermindgame_java.Settings.TestCheckGuessValidity" time="0.001"/>
  <testcase name="[26] HARD, 5417, false" classname="mastermindgame_java.Settings.TestCheckGuessValidity" time="0.001"/>
  <testcase name="[27] HARD, 8888, false" classname="mastermindgame_java.Settings.TestCheckGuessValidity" time="0.001"/>
  <testcase name="[28] HARD, 0926, false" classname="mastermindgame_java.Settings.TestCheckGuessValidity" time="0.001"/>
  <testcase name="[29] HARD, 2227, false" classname="mastermindgame_java.Settings.TestCheckGuessValidity" time="0.001"/>
  <testcase name="[30] HARD, 092!, false" classname="mastermindgame_java.Settings.TestCheckGuessValidity" time="0.001"/>
  <testcase name="[31] HARD, ££££, false" classname="mastermindgame_java.Settings.TestCheckGuessValidity" time="0.0"/>
  <testcase name="[32] HARD, ì4$5, false" classname="mastermindgame_java.Settings.TestCheckGuessValidity" time="0.001"/>
  <testcase name="[33] HARD, è821, false" classname="mastermindgame_java.Settings.TestCheckGuessValidity" time="0.0"/>
  <testcase name="[34] HARD, 5412, true" classname="mastermindgame_java.Settings.TestCheckGuessValidity" time="0.0"/>
  <testcase name="[35] HARD, 5555, true" classname="mastermindgame_java.Settings.TestCheckGuessValidity" time="0.0"/>
  <testcase name="[36] HARD, 2252, true" classname="mastermindgame_java.Settings.TestCheckGuessValidity" time="0.001"/>
  <testcase name="[37] HARD, 4251, true" classname="mastermindgame_java.Settings.TestCheckGuessValidity" time="0.001"/>
  <testcase name="[38] HARD, 1523, true" classname="mastermindgame_java.Settings.TestCheckGuessValidity" time="0.0"/>
  <system-out><![CDATA[Invalid input. Please enter a 4-digit number using digits from 0 to 2.

Invalid input. Please enter a 4-digit number using digits from 0 to 2.

Invalid input. Please enter a 4-digit number using digits from 0 to 2.

Invalid input. Please enter a 4-digit number using digits from 0 to 2.

Invalid input. Please enter a 4-digit number using digits from 0 to 2.

Invalid input. Please enter a 4-digit number using digits from 0 to 5.

Invalid input. Please enter a 4-digit number using digits from 0 to 5.

Invalid input. Please enter a 4-digit number using digits from 0 to 5.

Invalid input. Please enter a 4-digit number using digits from 0 to 5.

Invalid input. Please enter a 4-digit number using digits from 0 to 5.

Invalid input. Please enter a 4-digit number using digits from 0 to 5.

Invalid input. Please enter a 4-digit number using digits from 0 to 5.

Invalid input. Please enter a 4-digit number using digits from 0 to 5.

Invalid input. Please enter a 4-digit number using digits from 0 to 5.

Invalid input. Please enter a 4-digit number using digits from 0 to 5.

Invalid input. Please enter a 4-digit number using digits from 0 to 5.

Invalid input. Please enter a 4-digit number using digits from 0 to 5.

Invalid input. Please enter a 4-digit number using digits from 0 to 5.

Invalid input. Please enter a 4-digit number using digits from 0 to 5.

Invalid input. Please enter a 4-digit number using digits from 0 to 5.

Invalid input. Please enter a 4-digit number using digits from 0 to 5.

Invalid input. Please enter a 4-digit number using digits from 0 to 5.

Invalid input. Please enter a 4-digit number using digits from 0 to 5.

Invalid input. Please enter a 4-digit number using digits from 0 to 5.

Invalid input. Please enter a 4-digit number using digits from 0 to 5.

Invalid input. Please enter a 4-digit number using digits from 0 to 5.

]]></system-out>
  <system-err><![CDATA[]]></system-err>
</testsuite>
