<?xml version="1.0" encoding="UTF-8"?>
<testsuite name="mastermindgame_java.Settings.TestTemplateMatrix" tests="12" skipped="0" failures="0" errors="0" timestamp="2024-04-22T16:45:41" hostname="DESKTOP-R0UEMP9" time="0.061">
  <properties/>
  <testcase name="[1] [0, 0, 0, 0], [0, 1, 3], 0, [1, 0, 0, 0, 0, 0, 1, 3]" classname="mastermindgame_java.Settings.TestTemplateMatrix" time="0.041"/>
  <testcase name="[2] [1, 2, 1, 0], [1, 2, 1], 0, [1, 1, 2, 1, 0, 1, 2, 1]" classname="mastermindgame_java.Settings.TestTemplateMatrix" time="0.001"/>
  <testcase name="[3] [1, 4, 3, 2], [4, 0, 0], 0, [1, 1, 4, 3, 2, 4, 0, 0]" classname="mastermindgame_java.Settings.TestTemplateMatrix" time="0.001"/>
  <testcase name="[4] [4, 2, 1, 1], [1, 1, 2], 1, [2, 4, 2, 1, 1, 1, 1, 2]" classname="mastermindgame_java.Settings.TestTemplateMatrix" time="0.001"/>
  <testcase name="[5] [0, 0, 1, 2], [3, 1, 0], 1, [2, 0, 0, 1, 2, 3, 1, 0]" classname="mastermindgame_java.Settings.TestTemplateMatrix" time="0.001"/>
  <testcase name="[6] [1, 2, 0, 2], [3, 1, 0], 2, [3, 1, 2, 0, 2, 3, 1, 0]" classname="mastermindgame_java.Settings.TestTemplateMatrix" time="0.001"/>
  <testcase name="[7] [0, 3, 2, 5], [4, 0, 0], 5, [6, 0, 3, 2, 5, 4, 0, 0]" classname="mastermindgame_java.Settings.TestTemplateMatrix" time="0.001"/>
  <testcase name="[8] [2, 2, 2, 2], [2, 0, 2], 6, [7, 2, 2, 2, 2, 2, 0, 2]" classname="mastermindgame_java.Settings.TestTemplateMatrix" time="0.0"/>
  <testcase name="[9] [0, 3, 2, 5], [1, 1, 2], 6, [7, 0, 3, 2, 5, 1, 1, 2]" classname="mastermindgame_java.Settings.TestTemplateMatrix" time="0.001"/>
  <testcase name="[10] [2, 4, 4, 5], [2, 2, 0], 11, [12, 2, 4, 4, 5, 2, 2, 0]" classname="mastermindgame_java.Settings.TestTemplateMatrix" time="0.0"/>
  <testcase name="[11] [5, 5, 3, 5], [3, 0, 1], 11, [12, 5, 5, 3, 5, 3, 0, 1]" classname="mastermindgame_java.Settings.TestTemplateMatrix" time="0.001"/>
  <testcase name="[12] [0, 1, 2, 1], [3, 1, 0], 14, [15, 0, 1, 2, 1, 3, 1, 0]" classname="mastermindgame_java.Settings.TestTemplateMatrix" time="0.0"/>
  <system-out><![CDATA[[I@490caf5f[I@50dfbc58[I@4416d64f[I@6bf08014[I@5e3d57c7[I@732d0d24[I@1fb19a0[I@6ee4d9ab[I@5a5338df[I@418c5a9c[I@18e36d14[I@5082d622]]></system-out>
  <system-err><![CDATA[]]></system-err>
</testsuite>
