<?xml version="1.0" encoding="UTF-8"?>
<testsuite name="mastermindgame_java.Settings.TestGetUserInput" tests="3" skipped="0" failures="0" errors="0" timestamp="2024-04-21T15:23:47" hostname="Lisas-MacBook-Pro.local" time="0.007">
  <properties/>
  <testcase name="[1] Easy, Easy" classname="mastermindgame_java.Settings.TestGetUserInput" time="0.003"/>
  <testcase name="[2] Medium, Medium" classname="mastermindgame_java.Settings.TestGetUserInput" time="0.001"/>
  <testcase name="[3] shaha, shaha" classname="mastermindgame_java.Settings.TestGetUserInput" time="0.001"/>
  <system-out><![CDATA[]]></system-out>
  <system-err><![CDATA[]]></system-err>
</testsuite>
