<?xml version="1.0" encoding="UTF-8"?>
<testsuite name="mastermindgame_java.Settings.TestProvideFeedback" tests="30" skipped="0" failures="0" errors="0" timestamp="2024-04-22T16:45:41" hostname="DESKTOP-R0UEMP9" time="0.025">
  <properties/>
  <testcase name="[1] [0, 1, 2, 1], [0, 1, 2, 1], [4, 0, 0]" classname="mastermindgame_java.Settings.TestProvideFeedback" time="0.001"/>
  <testcase name="[2] [1, 1, 1, 1], [1, 1, 1, 1], [4, 0, 0]" classname="mastermindgame_java.Settings.TestProvideFeedback" time="0.001"/>
  <testcase name="[3] [4, 3, 4, 5], [4, 3, 4, 5], [4, 0, 0]" classname="mastermindgame_java.Settings.TestProvideFeedback" time="0.001"/>
  <testcase name="[4] [5, 3, 2, 0], [5, 3, 2, 0], [4, 0, 0]" classname="mastermindgame_java.Settings.TestProvideFeedback" time="0.0"/>
  <testcase name="[5] [0, 1, 5, 3], [0, 1, 5, 3], [4, 0, 0]" classname="mastermindgame_java.Settings.TestProvideFeedback" time="0.0"/>
  <testcase name="[6] [0, 1, 2, 3], [0, 1, 4, 3], [3, 0, 1]" classname="mastermindgame_java.Settings.TestProvideFeedback" time="0.001"/>
  <testcase name="[7] [3, 1, 5, 3], [3, 1, 5, 2], [3, 0, 1]" classname="mastermindgame_java.Settings.TestProvideFeedback" time="0.0"/>
  <testcase name="[8] [0, 1, 2, 3], [0, 1, 4, 3], [3, 0, 1]" classname="mastermindgame_java.Settings.TestProvideFeedback" time="0.0"/>
  <testcase name="[9] [4, 4, 4, 3], [4, 4, 4, 2], [3, 0, 1]" classname="mastermindgame_java.Settings.TestProvideFeedback" time="0.0"/>
  <testcase name="[10] [3, 5, 3, 5], [3, 4, 3, 5], [3, 0, 1]" classname="mastermindgame_java.Settings.TestProvideFeedback" time="0.001"/>
  <testcase name="[11] [5, 5, 2, 1], [5, 5, 1, 2], [2, 2, 0]" classname="mastermindgame_java.Settings.TestProvideFeedback" time="0.0"/>
  <testcase name="[12] [3, 2, 5, 1], [1, 2, 5, 3], [2, 2, 0]" classname="mastermindgame_java.Settings.TestProvideFeedback" time="0.0"/>
  <testcase name="[13] [3, 2, 5, 0], [1, 2, 5, 3], [2, 1, 1]" classname="mastermindgame_java.Settings.TestProvideFeedback" time="0.001"/>
  <testcase name="[14] [2, 2, 4, 5], [2, 0, 4, 2], [2, 1, 1]" classname="mastermindgame_java.Settings.TestProvideFeedback" time="0.0"/>
  <testcase name="[15] [4, 3, 0, 1], [4, 3, 2, 5], [2, 0, 2]" classname="mastermindgame_java.Settings.TestProvideFeedback" time="0.0"/>
  <testcase name="[16] [2, 3, 5, 1], [2, 4, 4, 1], [2, 0, 2]" classname="mastermindgame_java.Settings.TestProvideFeedback" time="0.001"/>
  <testcase name="[17] [1, 5, 5, 2], [5, 5, 2, 1], [1, 3, 0]" classname="mastermindgame_java.Settings.TestProvideFeedback" time="0.0"/>
  <testcase name="[18] [1, 5, 5, 2], [5, 5, 2, 1], [1, 3, 0]" classname="mastermindgame_java.Settings.TestProvideFeedback" time="0.0"/>
  <testcase name="[19] [2, 4, 2, 5], [2, 2, 5, 4], [1, 3, 0]" classname="mastermindgame_java.Settings.TestProvideFeedback" time="0.0"/>
  <testcase name="[20] [0, 3, 1, 4], [4, 3, 0, 2], [1, 2, 1]" classname="mastermindgame_java.Settings.TestProvideFeedback" time="0.001"/>
  <testcase name="[21] [4, 2, 3, 4], [4, 3, 2, 2], [1, 2, 1]" classname="mastermindgame_java.Settings.TestProvideFeedback" time="0.0"/>
  <testcase name="[22] [2, 4, 2, 5], [5, 4, 0, 0], [1, 1, 2]" classname="mastermindgame_java.Settings.TestProvideFeedback" time="0.0"/>
  <testcase name="[23] [3, 2, 5, 0], [5, 0, 5, 4], [1, 1, 2]" classname="mastermindgame_java.Settings.TestProvideFeedback" time="0.0"/>
  <testcase name="[24] [4, 2, 3, 4], [4, 1, 5, 0], [1, 0, 3]" classname="mastermindgame_java.Settings.TestProvideFeedback" time="0.0"/>
  <testcase name="[25] [2, 2, 2, 5], [4, 2, 4, 3], [1, 0, 3]" classname="mastermindgame_java.Settings.TestProvideFeedback" time="0.001"/>
  <testcase name="[26] [5, 4, 5, 2], [1, 1, 1, 1], [0, 0, 4]" classname="mastermindgame_java.Settings.TestProvideFeedback" time="0.0"/>
  <testcase name="[27] [1, 4, 2, 0], [5, 5, 3, 5], [0, 0, 4]" classname="mastermindgame_java.Settings.TestProvideFeedback" time="0.0"/>
  <testcase name="[28] [0, 1, 0, 0], [2, 3, 4, 2], [0, 0, 4]" classname="mastermindgame_java.Settings.TestProvideFeedback" time="0.001"/>
  <testcase name="[29] [4, 3, 2, 3], [5, 0, 1, 1], [0, 0, 4]" classname="mastermindgame_java.Settings.TestProvideFeedback" time="0.001"/>
  <testcase name="[30] [3, 2, 3, 3], [0, 1, 1, 5], [0, 0, 4]" classname="mastermindgame_java.Settings.TestProvideFeedback" time="0.0"/>
  <system-out><![CDATA[]]></system-out>
  <system-err><![CDATA[]]></system-err>
</testsuite>
